<?xml version="1.0" encoding="UTF-8"?>
<testng-results ignored="0" total="11" passed="10" failed="1" skipped="0">
  <reporter-output>
  </reporter-output>
  <suite started-at="2024-11-07T16:46:55 CST" name="Suite" finished-at="2024-11-07T16:50:05 CST" duration-ms="189214">
    <groups>
    </groups>
    <test started-at="2024-11-07T16:46:55 CST" name="Test1" finished-at="2024-11-07T16:49:46 CST" duration-ms="170902">
      <class name="com.pv.project1.Automation01">
        <test-method is-config="true" signature="beforeClassMethod()[pri:0, instance:com.pv.project1.Automation01@74f0ea28]" started-at="2024-11-07T16:46:55 CST" name="beforeClassMethod" finished-at="2024-11-07T16:47:09 CST" duration-ms="13537" status="PASS">
          <reporter-output>
          </reporter-output>
        </test-method> <!-- beforeClassMethod -->
        <test-method signature="test1Method()[pri:0, instance:com.pv.project1.Automation01@74f0ea28]" started-at="2024-11-07T16:47:09 CST" name="test1Method" finished-at="2024-11-07T16:47:09 CST" duration-ms="537" status="PASS">
          <reporter-output>
          </reporter-output>
        </test-method> <!-- test1Method -->
        <test-method signature="test2Method()[pri:0, instance:com.pv.project1.Automation01@74f0ea28]" started-at="2024-11-07T16:47:09 CST" name="test2Method" finished-at="2024-11-07T16:47:23 CST" duration-ms="13931" status="PASS">
          <reporter-output>
          </reporter-output>
        </test-method> <!-- test2Method -->
        <test-method signature="test3Method()[pri:0, instance:com.pv.project1.Automation01@74f0ea28]" started-at="2024-11-07T16:47:23 CST" name="test3Method" finished-at="2024-11-07T16:47:35 CST" duration-ms="11881" status="PASS">
          <reporter-output>
          </reporter-output>
        </test-method> <!-- test3Method -->
        <test-method signature="test4Method()[pri:0, instance:com.pv.project1.Automation01@74f0ea28]" started-at="2024-11-07T16:47:35 CST" name="test4Method" finished-at="2024-11-07T16:47:42 CST" duration-ms="6445" status="PASS">
          <reporter-output>
          </reporter-output>
        </test-method> <!-- test4Method -->
        <test-method signature="test5Method()[pri:0, instance:com.pv.project1.Automation01@74f0ea28]" started-at="2024-11-07T16:47:42 CST" name="test5Method" finished-at="2024-11-07T16:47:42 CST" duration-ms="624" status="PASS">
          <reporter-output>
          </reporter-output>
        </test-method> <!-- test5Method -->
        <test-method signature="TheCase1Test()[pri:0, instance:com.pv.project1.Automation01@74f0ea28]" started-at="2024-11-07T16:47:42 CST" name="TheCase1Test" finished-at="2024-11-07T16:49:46 CST" duration-ms="123504" status="FAIL">
          <exception class="org.openqa.selenium.TimeoutException">
            <message>
              <![CDATA[Expected condition failed: waiting for element to be clickable: Proxy element for: DefaultElementLocator 'By.xpath: /html/body/form/div[4]/main/div/div/div/div/div[1]/div/div/div/div[2]/div/div/div/div/div/div/div/div[3]/div/div/div[1]/label/span' (tried for 120 second(s) with 500 milliseconds interval)]]>
            </message>
            <full-stacktrace>
              <![CDATA[org.openqa.selenium.TimeoutException: Expected condition failed: waiting for element to be clickable: Proxy element for: DefaultElementLocator 'By.xpath: /html/body/form/div[4]/main/div/div/div/div/div[1]/div/div/div/div[2]/div/div/div/div/div/div/div/div[3]/div/div/div[1]/label/span' (tried for 120 second(s) with 500 milliseconds interval)
at org.openqa.selenium.support.ui.WebDriverWait.timeoutException(WebDriverWait.java:84)
at org.openqa.selenium.support.ui.FluentWait.until(FluentWait.java:229)
at com.pv.project1.Automation01.TheCase1Test(Automation01.java:588)
at java.base/jdk.internal.reflect.NativeMethodAccessorImpl.invoke0(Native Method)
at java.base/jdk.internal.reflect.NativeMethodAccessorImpl.invoke(NativeMethodAccessorImpl.java:77)
at java.base/jdk.internal.reflect.DelegatingMethodAccessorImpl.invoke(DelegatingMethodAccessorImpl.java:43)
at java.base/java.lang.reflect.Method.invoke(Method.java:568)
at org.testng.internal.MethodInvocationHelper.invokeMethod(MethodInvocationHelper.java:133)
at org.testng.internal.TestInvoker.invokeMethod(TestInvoker.java:598)
at org.testng.internal.TestInvoker.invokeTestMethod(TestInvoker.java:173)
at org.testng.internal.MethodRunner.runInSequence(MethodRunner.java:46)
at org.testng.internal.TestInvoker$MethodInvocationAgent.invoke(TestInvoker.java:824)
at org.testng.internal.TestInvoker.invokeTestMethods(TestInvoker.java:146)
at org.testng.internal.TestMethodWorker.invokeTestMethods(TestMethodWorker.java:146)
at org.testng.internal.TestMethodWorker.run(TestMethodWorker.java:128)
at java.base/java.util.ArrayList.forEach(ArrayList.java:1511)
at org.testng.TestRunner.privateRun(TestRunner.java:794)
at org.testng.TestRunner.run(TestRunner.java:596)
at org.testng.SuiteRunner.runTest(SuiteRunner.java:377)
at org.testng.SuiteRunner.runSequentially(SuiteRunner.java:371)
at org.testng.SuiteRunner.privateRun(SuiteRunner.java:332)
at org.testng.SuiteRunner.run(SuiteRunner.java:276)
at org.testng.SuiteRunnerWorker.runSuite(SuiteRunnerWorker.java:53)
at org.testng.SuiteRunnerWorker.run(SuiteRunnerWorker.java:96)
at org.testng.TestNG.runSuitesSequentially(TestNG.java:1212)
at org.testng.TestNG.runSuitesLocally(TestNG.java:1134)
at org.testng.TestNG.runSuites(TestNG.java:1063)
at org.testng.TestNG.run(TestNG.java:1031)
at org.testng.remote.AbstractRemoteTestNG.run(AbstractRemoteTestNG.java:115)
at org.testng.remote.RemoteTestNG.initAndRun(RemoteTestNG.java:251)
at org.testng.remote.RemoteTestNG.main(RemoteTestNG.java:77)
Caused by: org.openqa.selenium.NoSuchElementException: no such element: Unable to locate element: {"method":"xpath","selector":"/html/body/form/div[4]/main/div/div/div/div/div[1]/div/div/div/div[2]/div/div/div/div/div/div/div/div[3]/div/div/div[1]/label/span"}
  (Session info: chrome=130.0.6723.92)
For documentation on this error, please visit: https://www.selenium.dev/documentation/webdriver/troubleshooting/errors#no-such-element-exception
Build info: version: '4.16.1', revision: '9b4c83354e'
System info: os.name: 'Windows 10', os.arch: 'amd64', os.version: '10.0', java.version: '17.0.11'
Driver info: org.openqa.selenium.chrome.ChromeDriver
Command: [e2e9eeb47262c7cb305e38ce1684d2f3, findElement {using=xpath, value=/html/body/form/div[4]/main/div/div/div/div/div[1]/div/div/div/div[2]/div/div/div/div/div/div/div/div[3]/div/div/div[1]/label/span}]
Capabilities {acceptInsecureCerts: false, browserName: chrome, browserVersion: 130.0.6723.92, chrome: {chromedriverVersion: 130.0.6723.91 (53ac07678369..., userDataDir: C:\Users\PVENKA~1\AppData\L...}, fedcm:accounts: true, goog:chromeOptions: {debuggerAddress: localhost:52380}, networkConnectionEnabled: false, pageLoadStrategy: normal, platformName: windows, proxy: Proxy(), se:cdp: ws://localhost:52380/devtoo..., se:cdpVersion: 130.0.6723.92, setWindowRect: true, strictFileInteractability: false, timeouts: {implicit: 0, pageLoad: 300000, script: 30000}, unhandledPromptBehavior: dismiss and notify, webauthn:extension:credBlob: true, webauthn:extension:largeBlob: true, webauthn:extension:minPinLength: true, webauthn:extension:prf: true, webauthn:virtualAuthenticators: true}
Session ID: e2e9eeb47262c7cb305e38ce1684d2f3
at jdk.internal.reflect.GeneratedConstructorAccessor22.newInstance(Unknown Source)
at java.base/jdk.internal.reflect.DelegatingConstructorAccessorImpl.newInstance(DelegatingConstructorAccessorImpl.java:45)
at java.base/java.lang.reflect.Constructor.newInstanceWithCaller(Constructor.java:499)
at java.base/java.lang.reflect.Constructor.newInstance(Constructor.java:480)
at org.openqa.selenium.remote.codec.w3c.W3CHttpResponseCodec.createException(W3CHttpResponseCodec.java:200)
at org.openqa.selenium.remote.codec.w3c.W3CHttpResponseCodec.decode(W3CHttpResponseCodec.java:133)
at org.openqa.selenium.remote.codec.w3c.W3CHttpResponseCodec.decode(W3CHttpResponseCodec.java:52)
at org.openqa.selenium.remote.HttpCommandExecutor.execute(HttpCommandExecutor.java:191)
at org.openqa.selenium.remote.service.DriverCommandExecutor.invokeExecute(DriverCommandExecutor.java:200)
at org.openqa.selenium.remote.service.DriverCommandExecutor.execute(DriverCommandExecutor.java:175)
at org.openqa.selenium.remote.RemoteWebDriver.execute(RemoteWebDriver.java:523)
at org.openqa.selenium.remote.ElementLocation$ElementFinder$2.findElement(ElementLocation.java:165)
at org.openqa.selenium.remote.ElementLocation.findElement(ElementLocation.java:59)
at org.openqa.selenium.remote.RemoteWebDriver.findElement(RemoteWebDriver.java:360)
at org.openqa.selenium.remote.RemoteWebDriver.findElement(RemoteWebDriver.java:354)
at org.openqa.selenium.support.pagefactory.DefaultElementLocator.findElement(DefaultElementLocator.java:68)
at org.openqa.selenium.support.pagefactory.internal.LocatingElementHandler.invoke(LocatingElementHandler.java:38)
at jdk.proxy2/jdk.proxy2.$Proxy17.isDisplayed(Unknown Source)
at org.openqa.selenium.support.ui.ExpectedConditions.elementIfVisible(ExpectedConditions.java:304)
at org.openqa.selenium.support.ui.ExpectedConditions$10.apply(ExpectedConditions.java:290)
at org.openqa.selenium.support.ui.ExpectedConditions$10.apply(ExpectedConditions.java:287)
at org.openqa.selenium.support.ui.ExpectedConditions$23.apply(ExpectedConditions.java:656)
at org.openqa.selenium.support.ui.ExpectedConditions$23.apply(ExpectedConditions.java:652)
at org.openqa.selenium.support.ui.FluentWait.until(FluentWait.java:204)
... 29 more
]]>
            </full-stacktrace>
          </exception> <!-- org.openqa.selenium.TimeoutException -->
          <reporter-output>
          </reporter-output>
        </test-method> <!-- TheCase1Test -->
        <test-method is-config="true" signature="tearDown()[pri:0, instance:com.pv.project1.Automation01@74f0ea28]" started-at="2024-11-07T16:49:46 CST" name="tearDown" finished-at="2024-11-07T16:49:46 CST" duration-ms="356" status="PASS">
          <reporter-output>
          </reporter-output>
        </test-method> <!-- tearDown -->
      </class> <!-- com.pv.project1.Automation01 -->
    </test> <!-- Test1 -->
    <test started-at="2024-11-07T16:49:46 CST" name="Test2" finished-at="2024-11-07T16:50:05 CST" duration-ms="18279">
      <class name="com.pv.project1.RestAssuredAPItest01">
        <test-method is-config="true" signature="setup()[pri:0, instance:com.pv.project1.RestAssuredAPItest01@5b7a5baa]" started-at="2024-11-07T16:46:55 CST" name="setup" finished-at="2024-11-07T16:46:55 CST" duration-ms="404" status="PASS">
          <reporter-output>
          </reporter-output>
        </test-method> <!-- setup -->
        <test-method signature="prequal_footprint_get()[pri:8, instance:com.pv.project1.RestAssuredAPItest01@5b7a5baa]" started-at="2024-11-07T16:49:46 CST" name="prequal_footprint_get" finished-at="2024-11-07T16:49:49 CST" duration-ms="2712" status="PASS">
          <reporter-output>
          </reporter-output>
        </test-method> <!-- prequal_footprint_get -->
        <test-method signature="onlineApp_login_post()[pri:9, instance:com.pv.project1.RestAssuredAPItest01@5b7a5baa]" started-at="2024-11-07T16:49:49 CST" name="onlineApp_login_post" finished-at="2024-11-07T16:49:51 CST" duration-ms="1766" status="PASS">
          <reporter-output>
          </reporter-output>
        </test-method> <!-- onlineApp_login_post -->
        <test-method signature="customer_check()[pri:10, instance:com.pv.project1.RestAssuredAPItest01@5b7a5baa]" started-at="2024-11-07T16:49:51 CST" name="customer_check" finished-at="2024-11-07T16:50:02 CST" duration-ms="11035" status="PASS">
          <reporter-output>
          </reporter-output>
        </test-method> <!-- customer_check -->
        <test-method signature="customerPortal_login_post()[pri:11, instance:com.pv.project1.RestAssuredAPItest01@5b7a5baa]" started-at="2024-11-07T16:50:02 CST" name="customerPortal_login_post" finished-at="2024-11-07T16:50:04 CST" duration-ms="2035" status="PASS">
          <reporter-output>
          </reporter-output>
        </test-method> <!-- customerPortal_login_post -->
        <test-method signature="forgot_password_post()[pri:12, instance:com.pv.project1.RestAssuredAPItest01@5b7a5baa]" started-at="2024-11-07T16:50:04 CST" name="forgot_password_post" finished-at="2024-11-07T16:50:05 CST" duration-ms="723" status="PASS">
          <reporter-output>
          </reporter-output>
        </test-method> <!-- forgot_password_post -->
        <test-method is-config="true" signature="afterTestMethod()[pri:0, instance:com.pv.project1.RestAssuredAPItest01@5b7a5baa]" started-at="2024-11-07T16:50:05 CST" name="afterTestMethod" finished-at="2024-11-07T16:50:05 CST" duration-ms="163" status="PASS">
          <reporter-output>
          </reporter-output>
        </test-method> <!-- afterTestMethod -->
      </class> <!-- com.pv.project1.RestAssuredAPItest01 -->
    </test> <!-- Test2 -->
  </suite> <!-- Suite -->
</testng-results>
